<?xml version="1.0" encoding="UTF-8"?>
<!-- Generated by org.testng.reporters.JUnitReportReporter -->
<testsuite hostname="DESKTOP-E83PQSV" failures="0" tests="1" name="testCases.BlazeLoginTest" time="1.730" errors="0" timestamp="2024-11-29T11:41:41 IST" skipped="0">
  <testcase classname="testCases.BlazeLoginTest" name="testLogin" time="1.730"/>
</testsuite> <!-- testCases.BlazeLoginTest -->
