<?xml version="1.0" encoding="UTF-8"?>
<!-- Generated by org.testng.reporters.JUnitReportReporter -->
<testsuite hostname="DESKTOP-E83PQSV" failures="0" tests="1" name="testCases.RegisterTest" time="2.321" errors="0" timestamp="2024-11-29T11:41:41 IST" skipped="0">
  <testcase classname="testCases.RegisterTest" name="testRegister" time="2.321"/>
</testsuite> <!-- testCases.RegisterTest -->
